<?xml version="1.0" encoding="UTF-8"?>
<!-- Generated by org.testng.reporters.JUnitReportReporter -->
<testsuite hostname="LAPTOP-KFK9388M" failures="0" tests="1" name="cucumberOptions.TestNGTestRunner" time="11.728" errors="0" timestamp="2023-05-27T21:41:57 IST" skipped="0">
  <testcase classname="cucumberOptions.TestNGTestRunner" name="runScenario" time="11.728"/>
  <system-out/>
</testsuite> <!-- cucumberOptions.TestNGTestRunner -->
